2026-04-12 21:42:15,882 - INFO - 开始运行系统测试
2026-04-12 21:42:15,885 - INFO - 开始步骤: 检查后端服务
2026-04-12 21:42:18,720 - INFO - HTTP Request: GET http://localhost:8000/health "HTTP/1.1 200 OK"
2026-04-12 21:42:18,722 - INFO - 后端服务运行正常
2026-04-12 21:42:18,722 - INFO - 步骤成功: 检查后端服务
2026-04-12 21:42:18,723 - INFO - 开始步骤: 检查前端服务
2026-04-12 21:42:19,521 - INFO - HTTP Request: GET http://localhost:8501 "HTTP/1.1 200 OK"
2026-04-12 21:42:19,523 - INFO - 前端服务运行正常
2026-04-12 21:42:19,525 - INFO - 步骤成功: 检查前端服务
2026-04-12 21:42:19,526 - INFO - 开始步骤: 测试推荐功能
2026-04-12 21:42:19,526 - INFO - 正在发送推荐请求: 五一出游穿搭
2026-04-12 21:42:27,370 - INFO - HTTP Request: POST http://localhost:8000/api/chat/ "HTTP/1.1 200 OK"
2026-04-12 21:42:27,372 - INFO - 推荐请求返回状态码: 200
2026-04-12 21:42:27,373 - INFO - 推荐请求返回数据: 成功
2026-04-12 21:42:27,373 - INFO - 推荐了 4 个商品
2026-04-12 21:42:27,374 - INFO - 商品 1: 【店主自留】版型好到爆！人人穿显瘦U领宽肩带遮副乳吊带背心INS - ¥29.9
2026-04-12 21:42:27,375 - INFO -   图片URL: https://g-search1.alicdn.com/img/bao/uploaded/i4/i1/1924119553/O1CN01N7qEst2KRKD6zfMVz_!!1924119553.jpg_360x360q90.jpg_.webp
2026-04-12 21:42:27,375 - INFO - 商品 2: VINMUK美式复古童趣星星满印微喇休闲裤女春夏显瘦垂感运动喇叭裤 - ¥115.0
2026-04-12 21:42:27,376 - INFO -   图片URL: https://g-search3.alicdn.com/img/bao/uploaded/i4/i1/657062096/O1CN010kBUjB1RM1DPieg6m_!!657062096.jpg_360x360q90.jpg_.webp
2026-04-12 21:42:27,377 - INFO - 商品 3: 环球芭蕾厚底登山鞋女2026新款夏季透气网面百搭鞋子女超火德训鞋 - ¥79.0
2026-04-12 21:42:27,378 - INFO -   图片URL: https://g-search3.alicdn.com/img/bao/uploaded/i4/i4/2211630690326/O1CN01HDQpaP1EHMArYo96u_!!4611686018427383830-0-item_pic.jpg_360x360q90.jpg_.webp
2026-04-12 21:42:27,379 - INFO - 商品 4: 广告帽定制logo印字小学生帽志愿者帽子定做 - ¥1.7
2026-04-12 21:42:27,379 - INFO -   图片URL: http://img.alicdn.com/img/i2/150730149/O1CN01W7u2lk1CyI1djXJMQ_!!4611686018427385253-0-saturn_solar.jpg_360x360q90.jpg_.webp
2026-04-12 21:42:27,380 - INFO - 生图功能测试成功
2026-04-12 21:42:27,381 - INFO - 生成的图片URL: https://trae-api-cn.mchost.guru/api/ide/v1/text_to_image?prompt=%E6%97%B6%E5%B0%9A%E7%A9%BF%E6%90%AD%EF%BC%8C%E4%BC%91%E9%97%B2%E9%A3%8E%E6%A0%BC%EF%BC%8C%EF%BC%8C%E7%A9%BF%E7%9D%80%E4%BB%A5%E4%B8%8B%E6%9C%8D%E8%A3%85%EF%BC%9A%E3%80%90%E5%BA%97%E4%B8%BB%E8%87%AA%E7%95%99%E3%80%91%E7%89%88%E5%9E%8B%E5%A5%BD%E5%88%B0%E7%88%86%EF%BC%81%E4%BA%BA%E4%BA%BA%E7%A9%BF%E6%98%BE%E7%98%A6U%E9%A2%86%E5%AE%BD%E8%82%A9%E5%B8%A6%E9%81%AE%E5%89%AF%E4%B9%B3%E5%90%8A%E5%B8%A6%E8%83%8C%E5%BF%83INS%2C%20VINMUK%E7%BE%8E%E5%BC%8F%E5%A4%8D%E5%8F%A4%E7%AB%A5%E8%B6%A3%E6%98%9F%E6%98%9F%E6%BB%A1%E5%8D%B0%E5%BE%AE%E5%96%87%E4%BC%91%E9%97%B2%E8%A3%A4%E5%A5%B3%E6%98%A5%E5%A4%8F%E6%98%BE%E7%98%A6%E5%9E%82%E6%84%9F%E8%BF%90%E5%8A%A8%E5%96%87%E5%8F%AD%E8%A3%A4%2C%20%E7%8E%AF%E7%90%83%E8%8A%AD%E8%95%BE%E5%8E%9A%E5%BA%95%E7%99%BB%E5%B1%B1%E9%9E%8B%E5%A5%B32026%E6%96%B0%E6%AC%BE%E5%A4%8F%E5%AD%A3%E9%80%8F%E6%B0%94%E7%BD%91%E9%9D%A2%E7%99%BE%E6%90%AD%E9%9E%8B%E5%AD%90%E5%A5%B3%E8%B6%85%E7%81%AB%E5%BE%B7%E8%AE%AD%E9%9E%8B%EF%BC%8C%E6%95%B4%E4%BD%93%E6%90%AD%E9%85%8D%E5%8D%8F%E8%B0%83%EF%BC%8C%E8%89%B2%E5%BD%A9%E5%92%8C%E8%B0%90%EF%BC%8C%E8%83%8C%E6%99%AF%E7%AE%80%E6%B4%81%EF%BC%8C%E9%AB%98%E8%B4%A8%E9%87%8F%EF%BC%8C%E7%9C%9F%E5%AE%9E%E6%84%9F&image_size=square
2026-04-12 21:42:27,383 - INFO - 生图使用的prompt: 时尚穿搭，休闲风格，，穿着以下服装：【店主自留】版型好到爆！人人穿显瘦U领宽肩带遮副乳吊带背心INS, VINMUK美式复古童趣星星满印微喇休闲裤女春夏显瘦垂感运动喇叭裤, 环球芭蕾厚底登山鞋女202...
2026-04-12 21:42:27,383 - INFO - 推荐理由: 五一出游正适合清爽又带点复古腔调的搭配！推荐你用U领宽肩带小上衣（¥29.9）+ 星星满印微喇裤（¥115），显瘦不挑身材，走路带风还超上镜～再配上厚底登山鞋（¥79），舒适耐走、透气不闷脚，爬山逛展...
2026-04-12 21:42:27,384 - INFO - 步骤成功: 测试推荐功能
2026-04-12 21:42:27,385 - INFO - 系统测试完成，所有功能正常
2026-04-12 21:42:27,386 - INFO - 系统测试结束
