2026-04-12 21:49:32,156 - INFO - 开始运行系统测试
2026-04-12 21:49:32,157 - INFO - 开始步骤: 检查后端服务
2026-04-12 21:49:35,082 - INFO - HTTP Request: GET http://localhost:8000/health "HTTP/1.1 200 OK"
2026-04-12 21:49:35,084 - INFO - 后端服务运行正常
2026-04-12 21:49:35,085 - INFO - 步骤成功: 检查后端服务
2026-04-12 21:49:35,085 - INFO - 开始步骤: 检查前端服务
2026-04-12 21:49:36,070 - INFO - HTTP Request: GET http://localhost:8501 "HTTP/1.1 200 OK"
2026-04-12 21:49:36,072 - INFO - 前端服务运行正常
2026-04-12 21:49:36,072 - INFO - 步骤成功: 检查前端服务
2026-04-12 21:49:36,073 - INFO - 开始步骤: 测试推荐功能
2026-04-12 21:49:36,074 - INFO - 正在发送推荐请求: 五一出游穿搭
2026-04-12 21:49:43,693 - INFO - HTTP Request: POST http://localhost:8000/api/chat/ "HTTP/1.1 200 OK"
2026-04-12 21:49:43,697 - INFO - 推荐请求返回状态码: 200
2026-04-12 21:49:43,699 - INFO - 推荐请求返回数据: 成功
2026-04-12 21:49:43,699 - INFO - 推荐了 4 个商品
2026-04-12 21:49:43,700 - INFO - 商品 1: 【店主自留】版型好到爆！人人穿显瘦U领宽肩带遮副乳吊带背心INS - ¥29.9
2026-04-12 21:49:43,700 - INFO -   图片URL: https://g-search1.alicdn.com/img/bao/uploaded/i4/i1/1924119553/O1CN01N7qEst2KRKD6zfMVz_!!1924119553.jpg_360x360q90.jpg_.webp
2026-04-12 21:49:43,701 - INFO - 商品 2: VINMUK美式复古童趣星星满印微喇休闲裤女春夏显瘦垂感运动喇叭裤 - ¥115.0
2026-04-12 21:49:43,701 - INFO -   图片URL: https://g-search3.alicdn.com/img/bao/uploaded/i4/i1/657062096/O1CN010kBUjB1RM1DPieg6m_!!657062096.jpg_360x360q90.jpg_.webp
2026-04-12 21:49:43,701 - INFO - 商品 3: 环球芭蕾厚底登山鞋女2026新款夏季透气网面百搭鞋子女超火德训鞋 - ¥79.0
2026-04-12 21:49:43,702 - INFO -   图片URL: https://g-search3.alicdn.com/img/bao/uploaded/i4/i4/2211630690326/O1CN01HDQpaP1EHMArYo96u_!!4611686018427383830-0-item_pic.jpg_360x360q90.jpg_.webp
2026-04-12 21:49:43,702 - INFO - 商品 4: 广告帽定制logo印字小学生帽志愿者帽子定做 - ¥1.7
2026-04-12 21:49:43,703 - INFO -   图片URL: http://img.alicdn.com/img/i2/150730149/O1CN01W7u2lk1CyI1djXJMQ_!!4611686018427385253-0-saturn_solar.jpg_360x360q90.jpg_.webp
2026-04-12 21:49:43,703 - INFO - 生图功能测试成功
2026-04-12 21:49:43,704 - INFO - 生成的图片URL: https://img.alicdn.com/imgextra/i4/1924119553/O1CN01N7qEst2KRKD6zfMVz_!!1924119553.jpg
2026-04-12 21:49:43,704 - INFO - 推荐理由: 五一出游正适合轻松又出片的穿搭！推荐这套美式复古风组合：U领宽肩带小上衣显瘦又遮副乳，搭配星星满印微喇裤，显腿长还自带童趣活力感；再踩一双透气厚底登山鞋，走再多路也不累～最后戴顶定制广告帽，实用又有趣...
2026-04-12 21:49:43,706 - INFO - 步骤成功: 测试推荐功能
2026-04-12 21:49:43,707 - INFO - 系统测试完成，所有功能正常
2026-04-12 21:49:43,708 - INFO - 系统测试结束
